2026-06-03 15:55:28.762 [main] INFO  com.nanobot.bus.MessageBus - MessageBus initialized with queue capacity: 10
2026-06-03 15:55:28.764 [main] INFO  com.nanobot.bus.MessageBus - MessageBus started
2026-06-03 15:55:28.773 [MessageBus-Async] DEBUG com.nanobot.bus.MessageBus - Published inbound message: channel=async, chatId=asyncChat
2026-06-03 15:55:28.780 [main] INFO  com.nanobot.bus.MessageBus - MessageBus stopped
2026-06-03 15:55:28.781 [main] INFO  com.nanobot.bus.MessageBus - MessageBus shutdown completed
2026-06-03 15:55:28.794 [main] INFO  com.nanobot.bus.MessageBus - MessageBus initialized with queue capacity: 10
2026-06-03 15:55:28.794 [main] INFO  com.nanobot.bus.MessageBus - MessageBus started
2026-06-03 15:55:28.907 [main] INFO  com.nanobot.bus.MessageBus - MessageBus stopped
2026-06-03 15:55:28.908 [main] INFO  com.nanobot.bus.MessageBus - MessageBus shutdown completed
2026-06-03 15:55:28.911 [main] INFO  com.nanobot.bus.MessageBus - MessageBus initialized with queue capacity: 10
2026-06-03 15:55:28.912 [main] INFO  com.nanobot.bus.MessageBus - MessageBus started
2026-06-03 15:55:28.912 [main] DEBUG com.nanobot.bus.MessageBus - Published inbound message: channel=test, chatId=chat456
2026-06-03 15:55:28.912 [main] INFO  com.nanobot.bus.MessageBus - MessageBus stopped
2026-06-03 15:55:28.913 [main] INFO  com.nanobot.bus.MessageBus - MessageBus shutdown completed
2026-06-03 15:55:28.915 [main] INFO  com.nanobot.bus.MessageBus - MessageBus initialized with queue capacity: 10
2026-06-03 15:55:28.915 [main] INFO  com.nanobot.bus.MessageBus - MessageBus started
2026-06-03 15:55:28.917 [main] INFO  com.nanobot.bus.MessageBus - MessageBus stopped
2026-06-03 15:55:28.917 [main] INFO  com.nanobot.bus.MessageBus - MessageBus shutdown completed
2026-06-03 15:55:28.920 [main] INFO  com.nanobot.bus.MessageBus - MessageBus initialized with queue capacity: 10
2026-06-03 15:55:28.920 [main] INFO  com.nanobot.bus.MessageBus - MessageBus started
2026-06-03 15:55:28.926 [MessageBus-Async] DEBUG com.nanobot.bus.MessageBus - Published outbound message: channel=async, chatId=asyncChat
2026-06-03 15:55:28.927 [main] INFO  com.nanobot.bus.MessageBus - MessageBus stopped
2026-06-03 15:55:28.927 [main] INFO  com.nanobot.bus.MessageBus - MessageBus shutdown completed
2026-06-03 15:55:28.931 [main] INFO  com.nanobot.bus.MessageBus - MessageBus initialized with queue capacity: 10
2026-06-03 15:55:28.932 [main] INFO  com.nanobot.bus.MessageBus - MessageBus started
2026-06-03 15:55:28.933 [main] INFO  com.nanobot.bus.MessageBus - MessageBus stopped
2026-06-03 15:55:28.933 [main] INFO  com.nanobot.bus.MessageBus - MessageBus shutdown completed
2026-06-03 15:55:28.935 [main] INFO  com.nanobot.bus.MessageBus - MessageBus initialized with queue capacity: 10
2026-06-03 15:55:28.935 [main] INFO  com.nanobot.bus.MessageBus - MessageBus started
2026-06-03 15:55:28.936 [main] DEBUG com.nanobot.bus.MessageBus - Published outbound message: channel=test, chatId=chat456
2026-06-03 15:55:28.936 [main] INFO  com.nanobot.bus.MessageBus - MessageBus stopped
2026-06-03 15:55:28.936 [main] INFO  com.nanobot.bus.MessageBus - MessageBus shutdown completed
2026-06-03 15:56:46.648 [main] INFO  com.nanobot.bus.MessageBus - MessageBus initialized with queue capacity: 10
2026-06-03 15:56:46.650 [main] INFO  com.nanobot.bus.MessageBus - MessageBus started
2026-06-03 15:56:46.657 [MessageBus-Async] DEBUG com.nanobot.bus.MessageBus - Published inbound message: channel=async, chatId=asyncChat
2026-06-03 15:56:46.660 [main] INFO  com.nanobot.bus.MessageBus - MessageBus stopped
2026-06-03 15:56:46.660 [main] INFO  com.nanobot.bus.MessageBus - MessageBus shutdown completed
2026-06-03 15:56:46.673 [main] INFO  com.nanobot.bus.MessageBus - MessageBus initialized with queue capacity: 10
2026-06-03 15:56:46.674 [main] INFO  com.nanobot.bus.MessageBus - MessageBus started
2026-06-03 15:56:46.778 [main] INFO  com.nanobot.bus.MessageBus - MessageBus stopped
2026-06-03 15:56:46.778 [main] INFO  com.nanobot.bus.MessageBus - MessageBus shutdown completed
2026-06-03 15:56:46.781 [main] INFO  com.nanobot.bus.MessageBus - MessageBus initialized with queue capacity: 10
2026-06-03 15:56:46.781 [main] INFO  com.nanobot.bus.MessageBus - MessageBus started
2026-06-03 15:56:46.782 [main] DEBUG com.nanobot.bus.MessageBus - Published inbound message: channel=test, chatId=chat456
2026-06-03 15:56:46.782 [main] INFO  com.nanobot.bus.MessageBus - MessageBus stopped
2026-06-03 15:56:46.782 [main] INFO  com.nanobot.bus.MessageBus - MessageBus shutdown completed
2026-06-03 15:56:46.784 [main] INFO  com.nanobot.bus.MessageBus - MessageBus initialized with queue capacity: 10
2026-06-03 15:56:46.784 [main] INFO  com.nanobot.bus.MessageBus - MessageBus started
2026-06-03 15:56:46.785 [main] INFO  com.nanobot.bus.MessageBus - MessageBus stopped
2026-06-03 15:56:46.785 [main] INFO  com.nanobot.bus.MessageBus - MessageBus shutdown completed
2026-06-03 15:56:46.787 [main] INFO  com.nanobot.bus.MessageBus - MessageBus initialized with queue capacity: 10
2026-06-03 15:56:46.787 [main] INFO  com.nanobot.bus.MessageBus - MessageBus started
2026-06-03 15:56:46.791 [MessageBus-Async] DEBUG com.nanobot.bus.MessageBus - Published outbound message: channel=async, chatId=asyncChat
2026-06-03 15:56:46.792 [main] INFO  com.nanobot.bus.MessageBus - MessageBus stopped
2026-06-03 15:56:46.792 [main] INFO  com.nanobot.bus.MessageBus - MessageBus shutdown completed
2026-06-03 15:56:46.794 [main] INFO  com.nanobot.bus.MessageBus - MessageBus initialized with queue capacity: 10
2026-06-03 15:56:46.795 [main] INFO  com.nanobot.bus.MessageBus - MessageBus started
2026-06-03 15:56:46.796 [main] INFO  com.nanobot.bus.MessageBus - MessageBus stopped
2026-06-03 15:56:46.796 [main] INFO  com.nanobot.bus.MessageBus - MessageBus shutdown completed
2026-06-03 15:56:46.797 [main] INFO  com.nanobot.bus.MessageBus - MessageBus initialized with queue capacity: 10
2026-06-03 15:56:46.798 [main] INFO  com.nanobot.bus.MessageBus - MessageBus started
2026-06-03 15:56:46.798 [main] DEBUG com.nanobot.bus.MessageBus - Published outbound message: channel=test, chatId=chat456
2026-06-03 15:56:46.798 [main] INFO  com.nanobot.bus.MessageBus - MessageBus stopped
2026-06-03 15:56:46.798 [main] INFO  com.nanobot.bus.MessageBus - MessageBus shutdown completed
